
Autodesk AM Process Simulation v24.0.18
 Build ID    : 24.0.0.120


Loading file: C:\Program Files\Autodesk\Netfabb Ultimate 2024\SIM\Solver\bin\simsolver.arb...
...success

Date: 02/09/2024, time 10:26:15
ANSYS-B10-25


Fusion integration disabled
Checking for LT license...
Network license server(s) = AUTODESK.ANDREW.CMU.EDU


Number of threads =  16
Number of physical cores = 16

Stacksize = 2000m
Analysis control (Input) file: meshes2_mechanical.in
Working directory: C:\Users\yuhsuan2\SandBox\meshes2\
NETFABB_SIM_OFC_PATH = restart_cache\meshes2_mechanical
Parent process = "solverWrapper.exe" (PID: 20400)


Available disk space      = 467.998	GB

Ensight output ASCII ON

PBDL deposition multiplier ON
Multiplier:   1.00000000000000     
Starting init_cipher
Number of stls map=           1
DDM! modeling on

*MNLR set to           1

PBPA modeling on

ADAPTIVE refinement activated
Refinement levels=           5
 
Quasi static Mechanical Analysis

WRTU output on

*** WARNING: 1
*STOL is ignored for a single STL


PBPF file: Autodesk_Inc625_generic_40um.prm

Generated by solver version v24.0.9
Created on 2023/1/31
Material name = inc625

power          =    250.000000000000     
diameter       =   0.150000000000000     
velocity       =    800.000000000000     
lr thickness   =   4.000000000000000E-002
hatch          =   0.100000000000000     
dwell/layer    =    20.0000000000000     
Initial angle  =    11.5000000000000     
Rotation angle =    67.0000000000000     
X size         =    5.00000000000000     
Y size         =    1.00000000000000     
Absorption eff =   0.400000000000000     

Conductivity          =
 1.000000E-02  2.500000E+01
 1.250000E-02  2.000000E+02
 1.400000E-02  3.000000E+02
 1.500000E-02  4.000000E+02
 1.600000E-02  5.000000E+02
 1.800000E-02  6.000000E+02
 2.200000E-02  8.000000E+02
 2.400000E-02  9.000000E+02
 2.500000E-02  1.000000E+03
 2.550000E-02  1.200000E+03

Density               =
 8.440000E-06

Specific heat         =
 4.050000E+02  2.500000E+01
 4.600000E+02  2.000000E+02
 4.800000E+02  3.000000E+02
 5.000000E+02  4.000000E+02
 5.250000E+02  5.000000E+02
 5.500000E+02  6.000000E+02
 5.800000E+02  7.000000E+02
 6.000000E+02  8.000000E+02
 6.300000E+02  9.000000E+02
 6.500000E+02  1.000000E+03
 6.800000E+02  1.100000E+03

Elastic modulus       =
 1.500000E+05  2.780000E-01  2.440000E+01
 1.140000E+05  3.050000E-01  5.378000E+02
 5.900000E+04  3.400000E-01  8.156000E+02
 4.200000E+04  3.400000E-01  9.822000E+02
 3.200000E+03  3.400000E-01  1.093300E+03

CTE                   =
 1.280000E-05  2.000000E+01
 1.280000E-05  9.300000E+01
 1.310000E-05  2.040000E+02
 1.330000E-05  3.160000E+02
 1.370000E-05  4.270000E+02
 1.400000E-05  5.380000E+02
 1.480000E-05  6.490000E+02
 1.530000E-05  7.600000E+02
 1.580000E-05  8.710000E+02
 1.620000E-05  9.270000E+02

Reference temperature =
 2.000000E+01

Plasticity            =
 6.040000E+02  0.000000E+00  9.110000E+02  5.000000E-02  2.440000E+01
 5.320000E+02  0.000000E+00  7.640000E+02  3.500000E-02  5.378000E+02
 2.600000E+02  0.000000E+00  2.790000E+02  5.800000E-02  8.156000E+02
 1.050000E+02  0.000000E+00  1.140000E+02  4.500000E-02  9.822000E+02
 5.700000E+01  0.000000E+00  6.200000E+01  3.900000E-02  1.093300E+03

Number of ambient temperatures        =            2
Number of lack of fusion temperatures =            2
Number of hot spot temperatures       =            3

Interlayer temperatures = 
 2.500000E+01
 6.500000E+02

Lack of fusion temperatures = 
 1.270000E+03
 1.350000E+03

Hot spot temperatures = 
 1.850000E+03
 2.000000E+03
 2.250000E+03



PBPA parameters
Number of layers per element:             20
Minimum element size:             0.800000000000000     
*PBLR: group thickness:   3.20000000000000     
*COOL turned on for *STLF analysis
 
STL file start pre-processing

Reading 20163_3742f394_2_tivus.stl
Reading in native format...
Binary STL file
Bounding box:
-1.000000E+01 <= x <=   1.000000E+01
-1.000000E+01 <= y <=   1.000000E+01
 2.168404E-15 <= z <=   3.103449E+00

Number of vertices  = 5928
Number of triangles = 1976
Finished reading 20163_3742f394_2_tivus.stl

Minimum edge length =   4.825377506643885E-003
Machine precision =   2.220446049250313E-016
STL precision for 8-byte integers =   2.168404344971009E-018
Absolute tolerance =   2.000000000000000E-005

Equivalencing vertices
Number of unique vertices = 988
Finished vertex equivalencing

Equivalencing STL edges
Number of unique edges = 2964
Euler characteristic   =            0
Finished edge equivalencing

Calculating surface normals
 
Scaled bounding box:
-1.000000E+01 <= x <=   1.000000E+01
-1.000000E+01 <= y <=   1.000000E+01
 2.168404E-15 <= z <=   3.103449E+00

STL file end pre-processing
 
Number of pb groups of layers :            1
Substrate bounding box:
-1.000000E+01 <= x <=   1.000000E+01
-1.000000E+01 <= y <=   1.000000E+01

Layer, PID,   z coord,    activation time
    1       2    3.2000000        0.0000000    
End time changed to:    50000.0000000000     

Signal tag 4AA9
*** CRITICAL WARNING: 1
Code 1010
STL is too small.  Check units. This warning is triggered when any bounding box dimension of the STL is smaller than the base element size. Possible causes are:
    - The STL file is too small. Make sure that the units for the STL are  correct.
    - A coarse mesh size is used. Try refining the mesh size.


 
Number of nodes              = 16
Number of elements           = 3
Marking elements inside STL envelope. Phase1
Meshing voxels

Preprocessing for slicing

Slicing geometry

STL ID      , Number of polylines
          1,                   320

Post-processing slices:  phase 1

Preprocessing for meshing

Meshing 32 slices...


Activated 1696 / 32,768 total voxels

STL ID      , Number of voxels
          1,                  1696

STL ID , Meshed volume, STL volume , Meshed %
      1,  5.3000E+02  ,  5.5982E+02,    94.7


Starting initrefine

Peak RAM used for this process = 29,748 kB

Checking for unsupported geometry...
---------------------------------------------------------------------
    Z index,        Z coordinate     , # of unsupported fine elements
---------------------------------------------------------------------
          2,    1.20000000000000     ,                      0
          3,    2.00000000000000     ,                      0
          4,    2.80000000000000     ,                      0
          5,    3.60000000000000     ,                      0
          6,    4.40000000000000     ,                      0
          7,    5.20000000000000     ,                      0
          8,    6.00000000000000     ,                      0
          9,    6.80000000000000     ,                      0
         10,    7.60000000000000     ,                      0
         11,    8.40000000000000     ,                      0
         12,    9.20000000000000     ,                      0
         13,    10.0000000000000     ,                      0
         14,    10.8000000000000     ,                      0
         15,    11.6000000000000     ,                      0
         16,    12.4000000000000     ,                      0
         17,    13.2000000000000     ,                      0
         18,    14.0000000000000     ,                      0
         19,    14.8000000000000     ,                      0
         20,    15.6000000000000     ,                      0
         21,    16.4000000000000     ,                      0
         22,    17.2000000000000     ,                      0
         23,    18.0000000000000     ,                      0
         24,    18.8000000000000     ,                      0
         25,    19.6000000000000     ,                      0
         26,    20.4000000000000     ,                      0
         27,    21.2000000000000     ,                      0
         28,    22.0000000000000     ,                      0
         29,    22.8000000000000     ,                      0
         30,    23.6000000000000     ,                      0
         31,    24.4000000000000     ,                      0
         32,    25.2000000000000     ,                      0
---------------------------------------------------------------------

Estimated required memory for meshing =   4.44E-02 GB
Available memory                      =   5.29E+01 GB
Effective available memory            =   5.30E+01 GB


Analysis completed
Fast costing mode completed
 
****************************
   1 Warning
****************************
 
****************************
   1 Critical warning
****************************

CPU wall = 00:00:01.35
Total thermal & mechanical simulation time = 00:00:03.04
Approximate single thread simulation time = 00:00:00.71


Peak RAM used for this process = 29,960 kB

END Autodesk AM Process Simulation LT

Autodesk AM Process Simulation v24.0.18
 Build ID    : 24.0.0.120


Loading file: C:\Program Files\Autodesk\Netfabb Ultimate 2024\SIM\Solver\bin\simsolver.arb...
...success

Date: 02/09/2024, time 10:26:28
ANSYS-B10-25


Fusion integration disabled
Checking for LT license...
Network license server(s) = AUTODESK.ANDREW.CMU.EDU


Number of threads =  16
Number of physical cores = 16

Stacksize = 2000m
Analysis control (Input) file: meshes2_mechanical.in
Working directory: C:\Users\yuhsuan2\SandBox\meshes2\
NETFABB_SIM_OFC_PATH = restart_cache\meshes2_mechanical
Parent process = "solverWrapper.exe" (PID: 15112)


Available disk space      = 467.996	GB

Ensight output ASCII ON

PBDL deposition multiplier ON
Multiplier:   1.00000000000000     
Starting init_cipher
Number of stls map=           1
DDM! modeling on

*MNLR set to           1

PBPA modeling on

ADAPTIVE refinement activated
Refinement levels=           5
 
Quasi static Mechanical Analysis

WRTU output on

*** WARNING: 1
*STOL is ignored for a single STL


PBPF file: Autodesk_Inc625_generic_40um.prm

Generated by solver version v24.0.9
Created on 2023/1/31
Material name = inc625

power          =    250.000000000000     
diameter       =   0.150000000000000     
velocity       =    800.000000000000     
lr thickness   =   4.000000000000000E-002
hatch          =   0.100000000000000     
dwell/layer    =    20.0000000000000     
Initial angle  =    11.5000000000000     
Rotation angle =    67.0000000000000     
X size         =    5.00000000000000     
Y size         =    1.00000000000000     
Absorption eff =   0.400000000000000     

Conductivity          =
 1.000000E-02  2.500000E+01
 1.250000E-02  2.000000E+02
 1.400000E-02  3.000000E+02
 1.500000E-02  4.000000E+02
 1.600000E-02  5.000000E+02
 1.800000E-02  6.000000E+02
 2.200000E-02  8.000000E+02
 2.400000E-02  9.000000E+02
 2.500000E-02  1.000000E+03
 2.550000E-02  1.200000E+03

Density               =
 8.440000E-06

Specific heat         =
 4.050000E+02  2.500000E+01
 4.600000E+02  2.000000E+02
 4.800000E+02  3.000000E+02
 5.000000E+02  4.000000E+02
 5.250000E+02  5.000000E+02
 5.500000E+02  6.000000E+02
 5.800000E+02  7.000000E+02
 6.000000E+02  8.000000E+02
 6.300000E+02  9.000000E+02
 6.500000E+02  1.000000E+03
 6.800000E+02  1.100000E+03

Elastic modulus       =
 1.500000E+05  2.780000E-01  2.440000E+01
 1.140000E+05  3.050000E-01  5.378000E+02
 5.900000E+04  3.400000E-01  8.156000E+02
 4.200000E+04  3.400000E-01  9.822000E+02
 3.200000E+03  3.400000E-01  1.093300E+03

CTE                   =
 1.280000E-05  2.000000E+01
 1.280000E-05  9.300000E+01
 1.310000E-05  2.040000E+02
 1.330000E-05  3.160000E+02
 1.370000E-05  4.270000E+02
 1.400000E-05  5.380000E+02
 1.480000E-05  6.490000E+02
 1.530000E-05  7.600000E+02
 1.580000E-05  8.710000E+02
 1.620000E-05  9.270000E+02

Reference temperature =
 2.000000E+01

Plasticity            =
 6.040000E+02  0.000000E+00  9.110000E+02  5.000000E-02  2.440000E+01
 5.320000E+02  0.000000E+00  7.640000E+02  3.500000E-02  5.378000E+02
 2.600000E+02  0.000000E+00  2.790000E+02  5.800000E-02  8.156000E+02
 1.050000E+02  0.000000E+00  1.140000E+02  4.500000E-02  9.822000E+02
 5.700000E+01  0.000000E+00  6.200000E+01  3.900000E-02  1.093300E+03

Number of ambient temperatures        =            2
Number of lack of fusion temperatures =            2
Number of hot spot temperatures       =            3

Interlayer temperatures = 
 2.500000E+01
 6.500000E+02

Lack of fusion temperatures = 
 1.270000E+03
 1.350000E+03

Hot spot temperatures = 
 1.850000E+03
 2.000000E+03
 2.250000E+03



PBPA parameters
Number of layers per element:             20
Minimum element size:             0.800000000000000     
*PBLR: group thickness:   3.20000000000000     
*COOL turned on for *STLF analysis
 
STL file start pre-processing

Reading 20163_3742f394_2_tivus.stl
Reading in native format...
Binary STL file
Bounding box:
-1.000000E+01 <= x <=   1.000000E+01
-1.000000E+01 <= y <=   1.000000E+01
 2.168404E-15 <= z <=   3.103449E+00

Number of vertices  = 5928
Number of triangles = 1976
Finished reading 20163_3742f394_2_tivus.stl

Minimum edge length =   4.825377506643885E-003
Machine precision =   2.220446049250313E-016
STL precision for 8-byte integers =   2.168404344971009E-018
Absolute tolerance =   2.000000000000000E-005

Equivalencing vertices
Number of unique vertices = 988
Finished vertex equivalencing

Equivalencing STL edges
Number of unique edges = 2964
Euler characteristic   =            0
Finished edge equivalencing

Calculating surface normals
 
Scaled bounding box:
-1.000000E+01 <= x <=   1.000000E+01
-1.000000E+01 <= y <=   1.000000E+01
 2.168404E-15 <= z <=   3.103449E+00

STL file end pre-processing
 
Number of pb groups of layers :            1
Substrate bounding box:
-1.000000E+01 <= x <=   1.000000E+01
-1.000000E+01 <= y <=   1.000000E+01

Layer, PID,   z coord,    activation time
    1       2    3.2000000        0.0000000    
End time changed to:    50000.0000000000     

Signal tag 3128
*** CRITICAL WARNING: 1
Code 1010
STL is too small.  Check units. This warning is triggered when any bounding box dimension of the STL is smaller than the base element size. Possible causes are:
    - The STL file is too small. Make sure that the units for the STL are  correct.
    - A coarse mesh size is used. Try refining the mesh size.


 
Number of nodes              = 16
Number of elements           = 3
Marking elements inside STL envelope. Phase1
Meshing voxels

Preprocessing for slicing

Slicing geometry

STL ID      , Number of polylines
          1,                   320

Post-processing slices:  phase 1

Preprocessing for meshing

Meshing 32 slices...


Activated 1696 / 32,768 total voxels

STL ID      , Number of voxels
          1,                  1696

STL ID , Meshed volume, STL volume , Meshed %
      1,  5.3000E+02  ,  5.5982E+02,    94.7


Starting initrefine

Peak RAM used for this process = 29,732 kB

Checking for unsupported geometry...
---------------------------------------------------------------------
    Z index,        Z coordinate     , # of unsupported fine elements
---------------------------------------------------------------------
          2,    1.20000000000000     ,                      0
          3,    2.00000000000000     ,                      0
          4,    2.80000000000000     ,                      0
          5,    3.60000000000000     ,                      0
          6,    4.40000000000000     ,                      0
          7,    5.20000000000000     ,                      0
          8,    6.00000000000000     ,                      0
          9,    6.80000000000000     ,                      0
         10,    7.60000000000000     ,                      0
         11,    8.40000000000000     ,                      0
         12,    9.20000000000000     ,                      0
         13,    10.0000000000000     ,                      0
         14,    10.8000000000000     ,                      0
         15,    11.6000000000000     ,                      0
         16,    12.4000000000000     ,                      0
         17,    13.2000000000000     ,                      0
         18,    14.0000000000000     ,                      0
         19,    14.8000000000000     ,                      0
         20,    15.6000000000000     ,                      0
         21,    16.4000000000000     ,                      0
         22,    17.2000000000000     ,                      0
         23,    18.0000000000000     ,                      0
         24,    18.8000000000000     ,                      0
         25,    19.6000000000000     ,                      0
         26,    20.4000000000000     ,                      0
         27,    21.2000000000000     ,                      0
         28,    22.0000000000000     ,                      0
         29,    22.8000000000000     ,                      0
         30,    23.6000000000000     ,                      0
         31,    24.4000000000000     ,                      0
         32,    25.2000000000000     ,                      0
---------------------------------------------------------------------

Estimated required memory for meshing =   4.44E-02 GB
Available memory                      =   5.29E+01 GB
Effective available memory            =   5.30E+01 GB

  Processing base elements:
         10%
         20%
         30%
Total number of refined nodes    = 70,789
Total number of refined elements = 74,899
Marking elements inside STL envelope. Phase2

Starting refine
Solving layer 0 of 1
Number of refined nodes        = 1679
Number of refined elements     = 809
Maximum element aspect ratio   = 1.600

Writing final mesh to .\meshes2_mechanical_mesh_geom.case
Available disk space      = 467.986	GB

Number of layer-nodes = 1679

Peak RAM used for this process = 47,240 kB


Estimated memory required for thermal    model =   3.06E-01 GB
  3.19E-01 GB with no *OFC cards
  3.06E-01 GB with *OFC2 and *OFC3

Estimated memory required for mechanical model =   3.29E-01 GB
  3.49E-01 GB with no *OFC cards
  3.29E-01 GB with *OFC2 and *OFC3

Available memory           =   5.29E+01 GB
Effective available memory =   5.30E+01 GB

Estimated total CPU time is roughly 00:00:10.00 to 01:27:24.94
Actual total CPU times will vary depending on the
number of CPU cores.

Checking drive...

*** WARNING: 2
BitLocker encryption status cannot be determined without administrative priveleges.  Ensure that you are not running on an encrypted drive for optimal performance, or re-run as an administrator to enable the check.

Number of equations            = 2674
Number of constrained eqns     = 2247
Direct sparse solver           =       PARDISO
4-byte integer version

Starting proc

Reading binary file: meshes2_thermal.bin

Record:            1, time:   0.000000000000000E+000


Starting refine
Solving layer 1 of 1
Number of refined nodes        = 1679
Number of refined elements     = 809
Adding dwell (processing) time :    165.625000000000     
Meshed cross sectional xy area =    165.625000000000     
Number of equations            = 2674
Number of constrained eqns     = 2247
Direct sparse solver           =       PARDISO
4-byte integer version

Starting auxspar
Number of no zeros symmetric = 81,163
Sparse preprocessing complete
Reading binary file: results/meshes2_thermal_00001.bin

Record:            1, time:   1.000000000000000E-002
Record:            2, time:    1765.63500000000     
 inc =        1 time =  0.10000000E-01 iter =   1 eps =  0.16701E+05
 inc =        1 time =  0.10000000E-01 iter =   2 eps =  0.35218E-09
Finished writing file results\meshes2_mechanical.case
Increment end 
CPU wall for increment 1 = 00:00:08.29, since start = 00:00:08.29
 inc =        2 time =   1765.6350     iter =   1 eps =  0.40945E+05
 inc =        2 time =   1765.6350     iter =   2 eps =  0.87788E-10
Finished writing file results\meshes2_mechanical.case
Increment end 
CPU wall for increment 2 = 00:00:00.08, since start = 00:00:08.37
Layer end
 
----------------------
 *COOL time increment 
----------------------
CPU wall for printing = 00:00:00.33
HTOR is being set to zero***
 inc =        3 time =   51765.635     iter =   1 eps =  0.16701E+05
 inc =        3 time =   51765.635     iter =   2 eps =  0.29650E-09
De-banding recoater clearance ...

Finished writing file results\meshes2_mechanical_f.case
Finished writing file results\meshes2_mechanical.case
Increment end 
CPU wall for increment 3 = 00:00:00.15, since start = 00:00:08.52
Layer end
CPU wall for cooldown = 00:00:00.15
 
----------------------------------
 Substrate removal time increment 
----------------------------------
 inc =        4 time =   101765.64     iter =   1 eps =  0.11245E+05
 inc =        4 time =   101765.64     iter =   2 eps =  0.46506E-10

Optimizing rigid body motion...
Initial RMS displacement          =     4.293751E-02
Optimized RMS displacement        =     4.278242E-02
Number of optimization iterations =          290
Rotation matrix =
   1.000000E+000   -3.159797E-007    2.489390E-006
   3.160145E-007    1.000000E+000   -1.395929E-005
  -2.489386E-006    1.395929E-005    1.000000E+000
Translation =     9.289654E-006   -4.419214E-005    3.645820E-003

De-banding recoater clearance ...

Finished writing file results\meshes2_mechanical_f.case
Finished writing file results\meshes2_mechanical.case
Increment end 
CPU wall for increment 4 = 00:00:00.16, since start = 00:00:08.69
Layer end

------------------------------------------------------
 Total number of equilibrium iterations:            8

Mesh preview volume  =    530.000000000000     
Activated volume     =    530.000000000000     
Activated percentage =    100.000000000000     

Finished writing file .\meshes2_mechanical_f.case
Finished writing file .\meshes2_mechanical.case

Analysis completed
 
****************************
   2 Warnings
****************************
 
****************************
   1 Critical warning
****************************

CPU wall for substrate removal = 00:00:00.22
CPU wall = 00:00:08.75
Total thermal & mechanical simulation time = 00:00:17.10
Approximate single thread simulation time = 00:00:09.34


Peak RAM used for this process = 88,544 kB

END Autodesk AM Process Simulation LT
