
Autodesk AM Process Simulation v24.0.18
 Build ID    : 24.0.0.120


Loading file: C:\Program Files\Autodesk\Netfabb Ultimate 2024\SIM\Solver\bin\simsolver.arb...
...success

Date: 02/03/2024, time 07:53:56
ANSYS-B10-21


Fusion integration disabled
Checking for LT license...
Network license server(s) = AUTODESK.ANDREW.CMU.EDU


Number of threads =  16
Number of physical cores = 16

Stacksize = 2000m
Analysis control (Input) file: 20177_c0fef859_0_mechanical.in
Working directory: C:\Users\yuhsuan2\SandBox\20177_c0fef859_0\
NETFABB_SIM_OFC_PATH = restart_cache\20177_c0fef859_0_mechanical
Parent process = "solverWrapper.exe" (PID: 3500)


Available disk space      = 456.369	GB


PBDL deposition multiplier ON
Multiplier:   1.00000000000000     
Starting init_cipher
Number of stls map=           1
DDM! modeling on

*MNLR set to           1

PBPA modeling on

ADAPTIVE refinement activated
Refinement levels=           5
 
Quasi static Mechanical Analysis

*** WARNING: 1
*STOL is ignored for a single STL


PBPF file: Autodesk_Inc625_generic_40um.prm

Generated by solver version v24.0.9
Created on 2023/1/31
Material name = inc625

power          =    250.000000000000     
diameter       =   0.150000000000000     
velocity       =    800.000000000000     
lr thickness   =   4.000000000000000E-002
hatch          =   0.100000000000000     
dwell/layer    =    20.0000000000000     
Initial angle  =    11.5000000000000     
Rotation angle =    67.0000000000000     
X size         =    5.00000000000000     
Y size         =    1.00000000000000     
Absorption eff =   0.400000000000000     

Conductivity          =
 1.000000E-02  2.500000E+01
 1.250000E-02  2.000000E+02
 1.400000E-02  3.000000E+02
 1.500000E-02  4.000000E+02
 1.600000E-02  5.000000E+02
 1.800000E-02  6.000000E+02
 2.200000E-02  8.000000E+02
 2.400000E-02  9.000000E+02
 2.500000E-02  1.000000E+03
 2.550000E-02  1.200000E+03

Density               =
 8.440000E-06

Specific heat         =
 4.050000E+02  2.500000E+01
 4.600000E+02  2.000000E+02
 4.800000E+02  3.000000E+02
 5.000000E+02  4.000000E+02
 5.250000E+02  5.000000E+02
 5.500000E+02  6.000000E+02
 5.800000E+02  7.000000E+02
 6.000000E+02  8.000000E+02
 6.300000E+02  9.000000E+02
 6.500000E+02  1.000000E+03
 6.800000E+02  1.100000E+03

Elastic modulus       =
 1.500000E+05  2.780000E-01  2.440000E+01
 1.140000E+05  3.050000E-01  5.378000E+02
 5.900000E+04  3.400000E-01  8.156000E+02
 4.200000E+04  3.400000E-01  9.822000E+02
 3.200000E+03  3.400000E-01  1.093300E+03

CTE                   =
 1.280000E-05  2.000000E+01
 1.280000E-05  9.300000E+01
 1.310000E-05  2.040000E+02
 1.330000E-05  3.160000E+02
 1.370000E-05  4.270000E+02
 1.400000E-05  5.380000E+02
 1.480000E-05  6.490000E+02
 1.530000E-05  7.600000E+02
 1.580000E-05  8.710000E+02
 1.620000E-05  9.270000E+02

Reference temperature =
 2.000000E+01

Plasticity            =
 6.040000E+02  0.000000E+00  9.110000E+02  5.000000E-02  2.440000E+01
 5.320000E+02  0.000000E+00  7.640000E+02  3.500000E-02  5.378000E+02
 2.600000E+02  0.000000E+00  2.790000E+02  5.800000E-02  8.156000E+02
 1.050000E+02  0.000000E+00  1.140000E+02  4.500000E-02  9.822000E+02
 5.700000E+01  0.000000E+00  6.200000E+01  3.900000E-02  1.093300E+03

Number of ambient temperatures        =            2
Number of lack of fusion temperatures =            2
Number of hot spot temperatures       =            3

Interlayer temperatures = 
 2.500000E+01
 6.500000E+02

Lack of fusion temperatures = 
 1.270000E+03
 1.350000E+03

Hot spot temperatures = 
 1.850000E+03
 2.000000E+03
 2.250000E+03



PBPA parameters
Number of layers per element:             20
Minimum element size:             0.800000000000000     
*PBLR: group thickness:   3.20000000000000     
*COOL turned on for *STLF analysis
 
STL file start pre-processing

Reading 20177_c0fef859_0_tivus.stl
Reading in native format...
Binary STL file
Bounding box:
-7.739082E+00 <= x <=   7.739082E+00
-1.474111E+00 <= y <=   1.474111E+00
-1.734723E-15 <= z <=   2.000000E+01

Number of vertices  = 6126
Number of triangles = 2042
Finished reading 20177_c0fef859_0_tivus.stl

Minimum edge length =   0.331675052642822     
Machine precision =   2.220446049250313E-016
STL precision for 8-byte integers =   2.168404344971009E-018
Absolute tolerance =   2.000000000000000E-005

Equivalencing vertices
Number of unique vertices = 1023
Finished vertex equivalencing

Equivalencing STL edges
Number of unique edges = 3063
Euler characteristic   =            2
Finished edge equivalencing

Calculating surface normals
 
Scaled bounding box:
-7.739082E+00 <= x <=   7.739082E+00
-1.474111E+00 <= y <=   1.474111E+00
-1.734723E-15 <= z <=   2.000000E+01

STL file end pre-processing
 
Number of pb groups of layers :            7
Substrate bounding box:
-7.739082E+00 <= x <=   7.739082E+00
-1.474111E+00 <= y <=   1.474111E+00

Layer, PID,   z coord,    activation time
    1       2    3.2000000        0.0000000    
    2       3    6.4000000        1600.0000    
    3       4    9.6000000        3200.0000    
    4       5    12.800000        4800.0000    
    5       6    16.000000        6400.0000    
    6       7    19.200000        8000.0000    
    7       8    22.400000        9600.0000    
End time changed to:    59600.0000000000     

Signal tag 604B
*** CRITICAL WARNING: 1
Code 1010
STL is too small.  Check units. This warning is triggered when any bounding box dimension of the STL is smaller than the base element size. Possible causes are:
    - The STL file is too small. Make sure that the units for the STL are  correct.
    - A coarse mesh size is used. Try refining the mesh size.


 
Number of nodes              = 16
Number of elements           = 3
Marking elements inside STL envelope. Phase1
Meshing voxels

Preprocessing for slicing

Slicing geometry

STL ID      , Number of polylines
          1,                  2213

Post-processing slices:  phase 1

Preprocessing for meshing

Meshing 32 slices...


Activated 4755 / 32,768 total voxels

STL ID      , Number of voxels
          1,                  4755

STL ID , Meshed volume, STL volume , Meshed %
      1,  1.6952E+02  ,  1.9094E+02,    88.8


Starting initrefine

Peak RAM used for this process = 28,836 kB

Checking for unsupported geometry...
---------------------------------------------------------------------
    Z index,        Z coordinate     , # of unsupported fine elements
---------------------------------------------------------------------
          2,    1.20000000000000     ,                      0
          3,    2.00000000000000     ,                      0
          4,    2.80000000000000     ,                      0
          5,    3.60000000000000     ,                      0
          6,    4.40000000000000     ,                      0
          7,    5.20000000000000     ,                      0
          8,    6.00000000000000     ,                      0
          9,    6.80000000000000     ,                      0
         10,    7.60000000000000     ,                      0
         11,    8.40000000000000     ,                      0
         12,    9.20000000000000     ,                      0
         13,    10.0000000000000     ,                      0
         14,    10.8000000000000     ,                      0
         15,    11.6000000000000     ,                      0
         16,    12.4000000000000     ,                      0
         17,    13.2000000000000     ,                      0
         18,    14.0000000000000     ,                      0
         19,    14.8000000000000     ,                      0
         20,    15.6000000000000     ,                      0
         21,    16.4000000000000     ,                      0
         22,    17.2000000000000     ,                      0
         23,    18.0000000000000     ,                      0
         24,    18.8000000000000     ,                      0
         25,    19.6000000000000     ,                      0
         26,    20.4000000000000     ,                      0
         27,    21.2000000000000     ,                      0
         28,    22.0000000000000     ,                      0
         29,    22.8000000000000     ,                      0
         30,    23.6000000000000     ,                      0
         31,    24.4000000000000     ,                      0
         32,    25.2000000000000     ,                      0
---------------------------------------------------------------------

Estimated required memory for meshing =   4.35E-02 GB
Available memory                      =   4.87E+01 GB
Effective available memory            =   4.88E+01 GB


Analysis completed
Fast costing mode completed
 
****************************
   1 Warning
****************************
 
****************************
   1 Critical warning
****************************

CPU wall = 00:00:02.76
Total thermal & mechanical simulation time = 00:00:05.63
Approximate single thread simulation time = 00:00:00.76


Peak RAM used for this process = 29,048 kB

END Autodesk AM Process Simulation LT

Autodesk AM Process Simulation v24.0.18
 Build ID    : 24.0.0.120


Loading file: C:\Program Files\Autodesk\Netfabb Ultimate 2024\SIM\Solver\bin\simsolver.arb...
...success

Date: 02/03/2024, time 07:54:18
ANSYS-B10-21


Fusion integration disabled
Checking for LT license...
Network license server(s) = AUTODESK.ANDREW.CMU.EDU


Number of threads =  16
Number of physical cores = 16

Stacksize = 2000m
Analysis control (Input) file: 20177_c0fef859_0_mechanical.in
Working directory: C:\Users\yuhsuan2\SandBox\20177_c0fef859_0\
NETFABB_SIM_OFC_PATH = restart_cache\20177_c0fef859_0_mechanical
Parent process = "solverWrapper.exe" (PID: 9012)


Available disk space      = 456.366	GB


PBDL deposition multiplier ON
Multiplier:   1.00000000000000     
Starting init_cipher
Number of stls map=           1
DDM! modeling on

*MNLR set to           1

PBPA modeling on

ADAPTIVE refinement activated
Refinement levels=           5
 
Quasi static Mechanical Analysis

*** WARNING: 1
*STOL is ignored for a single STL


PBPF file: Autodesk_Inc625_generic_40um.prm

Generated by solver version v24.0.9
Created on 2023/1/31
Material name = inc625

power          =    250.000000000000     
diameter       =   0.150000000000000     
velocity       =    800.000000000000     
lr thickness   =   4.000000000000000E-002
hatch          =   0.100000000000000     
dwell/layer    =    20.0000000000000     
Initial angle  =    11.5000000000000     
Rotation angle =    67.0000000000000     
X size         =    5.00000000000000     
Y size         =    1.00000000000000     
Absorption eff =   0.400000000000000     

Conductivity          =
 1.000000E-02  2.500000E+01
 1.250000E-02  2.000000E+02
 1.400000E-02  3.000000E+02
 1.500000E-02  4.000000E+02
 1.600000E-02  5.000000E+02
 1.800000E-02  6.000000E+02
 2.200000E-02  8.000000E+02
 2.400000E-02  9.000000E+02
 2.500000E-02  1.000000E+03
 2.550000E-02  1.200000E+03

Density               =
 8.440000E-06

Specific heat         =
 4.050000E+02  2.500000E+01
 4.600000E+02  2.000000E+02
 4.800000E+02  3.000000E+02
 5.000000E+02  4.000000E+02
 5.250000E+02  5.000000E+02
 5.500000E+02  6.000000E+02
 5.800000E+02  7.000000E+02
 6.000000E+02  8.000000E+02
 6.300000E+02  9.000000E+02
 6.500000E+02  1.000000E+03
 6.800000E+02  1.100000E+03

Elastic modulus       =
 1.500000E+05  2.780000E-01  2.440000E+01
 1.140000E+05  3.050000E-01  5.378000E+02
 5.900000E+04  3.400000E-01  8.156000E+02
 4.200000E+04  3.400000E-01  9.822000E+02
 3.200000E+03  3.400000E-01  1.093300E+03

CTE                   =
 1.280000E-05  2.000000E+01
 1.280000E-05  9.300000E+01
 1.310000E-05  2.040000E+02
 1.330000E-05  3.160000E+02
 1.370000E-05  4.270000E+02
 1.400000E-05  5.380000E+02
 1.480000E-05  6.490000E+02
 1.530000E-05  7.600000E+02
 1.580000E-05  8.710000E+02
 1.620000E-05  9.270000E+02

Reference temperature =
 2.000000E+01

Plasticity            =
 6.040000E+02  0.000000E+00  9.110000E+02  5.000000E-02  2.440000E+01
 5.320000E+02  0.000000E+00  7.640000E+02  3.500000E-02  5.378000E+02
 2.600000E+02  0.000000E+00  2.790000E+02  5.800000E-02  8.156000E+02
 1.050000E+02  0.000000E+00  1.140000E+02  4.500000E-02  9.822000E+02
 5.700000E+01  0.000000E+00  6.200000E+01  3.900000E-02  1.093300E+03

Number of ambient temperatures        =            2
Number of lack of fusion temperatures =            2
Number of hot spot temperatures       =            3

Interlayer temperatures = 
 2.500000E+01
 6.500000E+02

Lack of fusion temperatures = 
 1.270000E+03
 1.350000E+03

Hot spot temperatures = 
 1.850000E+03
 2.000000E+03
 2.250000E+03



PBPA parameters
Number of layers per element:             20
Minimum element size:             0.800000000000000     
*PBLR: group thickness:   3.20000000000000     
*COOL turned on for *STLF analysis
 
STL file start pre-processing

Reading 20177_c0fef859_0_tivus.stl
Reading in native format...
Binary STL file
Bounding box:
-7.739082E+00 <= x <=   7.739082E+00
-1.474111E+00 <= y <=   1.474111E+00
-1.734723E-15 <= z <=   2.000000E+01

Number of vertices  = 6126
Number of triangles = 2042
Finished reading 20177_c0fef859_0_tivus.stl

Minimum edge length =   0.331675052642822     
Machine precision =   2.220446049250313E-016
STL precision for 8-byte integers =   2.168404344971009E-018
Absolute tolerance =   2.000000000000000E-005

Equivalencing vertices
Number of unique vertices = 1023
Finished vertex equivalencing

Equivalencing STL edges
Number of unique edges = 3063
Euler characteristic   =            2
Finished edge equivalencing

Calculating surface normals
 
Scaled bounding box:
-7.739082E+00 <= x <=   7.739082E+00
-1.474111E+00 <= y <=   1.474111E+00
-1.734723E-15 <= z <=   2.000000E+01

STL file end pre-processing
 
Number of pb groups of layers :            7
Substrate bounding box:
-7.739082E+00 <= x <=   7.739082E+00
-1.474111E+00 <= y <=   1.474111E+00

Layer, PID,   z coord,    activation time
    1       2    3.2000000        0.0000000    
    2       3    6.4000000        1600.0000    
    3       4    9.6000000        3200.0000    
    4       5    12.800000        4800.0000    
    5       6    16.000000        6400.0000    
    6       7    19.200000        8000.0000    
    7       8    22.400000        9600.0000    
End time changed to:    59600.0000000000     

Signal tag 2417
*** CRITICAL WARNING: 1
Code 1010
STL is too small.  Check units. This warning is triggered when any bounding box dimension of the STL is smaller than the base element size. Possible causes are:
    - The STL file is too small. Make sure that the units for the STL are  correct.
    - A coarse mesh size is used. Try refining the mesh size.


 
Number of nodes              = 16
Number of elements           = 3
Marking elements inside STL envelope. Phase1
Meshing voxels

Preprocessing for slicing

Slicing geometry

STL ID      , Number of polylines
          1,                  2213

Post-processing slices:  phase 1

Preprocessing for meshing

Meshing 32 slices...


Activated 4755 / 32,768 total voxels

STL ID      , Number of voxels
          1,                  4755

STL ID , Meshed volume, STL volume , Meshed %
      1,  1.6952E+02  ,  1.9094E+02,    88.8


Starting initrefine

Peak RAM used for this process = 29,044 kB

Checking for unsupported geometry...
---------------------------------------------------------------------
    Z index,        Z coordinate     , # of unsupported fine elements
---------------------------------------------------------------------
          2,    1.20000000000000     ,                      0
          3,    2.00000000000000     ,                      0
          4,    2.80000000000000     ,                      0
          5,    3.60000000000000     ,                      0
          6,    4.40000000000000     ,                      0
          7,    5.20000000000000     ,                      0
          8,    6.00000000000000     ,                      0
          9,    6.80000000000000     ,                      0
         10,    7.60000000000000     ,                      0
         11,    8.40000000000000     ,                      0
         12,    9.20000000000000     ,                      0
         13,    10.0000000000000     ,                      0
         14,    10.8000000000000     ,                      0
         15,    11.6000000000000     ,                      0
         16,    12.4000000000000     ,                      0
         17,    13.2000000000000     ,                      0
         18,    14.0000000000000     ,                      0
         19,    14.8000000000000     ,                      0
         20,    15.6000000000000     ,                      0
         21,    16.4000000000000     ,                      0
         22,    17.2000000000000     ,                      0
         23,    18.0000000000000     ,                      0
         24,    18.8000000000000     ,                      0
         25,    19.6000000000000     ,                      0
         26,    20.4000000000000     ,                      0
         27,    21.2000000000000     ,                      0
         28,    22.0000000000000     ,                      0
         29,    22.8000000000000     ,                      0
         30,    23.6000000000000     ,                      0
         31,    24.4000000000000     ,                      0
         32,    25.2000000000000     ,                      0
---------------------------------------------------------------------

Estimated required memory for meshing =   4.37E-02 GB
Available memory                      =   4.87E+01 GB
Effective available memory            =   4.87E+01 GB

  Processing base elements:
         10%
         20%
         30%
Total number of refined nodes    = 70,789
Total number of refined elements = 74,899
Marking elements inside STL envelope. Phase2

Starting refine
Solving layer 0 of 7
Number of refined nodes        = 4599
Number of refined elements     = 2356
Maximum element aspect ratio   = 8.683

Writing final mesh to .\20177_c0fef859_0_mechanical_mesh_geom.case
Available disk space      = 456.356	GB

Number of layer-nodes = 32,193

Peak RAM used for this process = 47,416 kB


Estimated memory required for thermal    model =   3.14E-01 GB
  3.31E-01 GB with no *OFC cards
  3.14E-01 GB with *OFC2 and *OFC3

Estimated memory required for mechanical model =   3.70E-01 GB
  4.08E-01 GB with no *OFC cards
  3.70E-01 GB with *OFC2 and *OFC3

Available memory           =   4.87E+01 GB
Effective available memory =   4.87E+01 GB

Estimated total CPU time is roughly 00:00:10.00 to 01:27:40.65
Actual total CPU times will vary depending on the
number of CPU cores.

Checking drive...

*** WARNING: 2
BitLocker encryption status cannot be determined without administrative priveleges.  Ensure that you are not running on an encrypted drive for optimal performance, or re-run as an administrator to enable the check.

Number of equations            = 10,979
Number of constrained eqns     = 2724
Direct sparse solver           =       PARDISO
4-byte integer version

Starting proc

Reading binary file: 20177_c0fef859_0_thermal.bin

Record:            1, time:   0.000000000000000E+000


Starting refine
Solving layer 1 of 7
Number of refined nodes        = 1185
Number of refined elements     = 534
Adding dwell (processing) time :    7.72063258582962     
Meshed cross sectional xy area =    7.72063258582962     
Number of equations            = 2501
Number of constrained eqns     = 960
Direct sparse solver           =       PARDISO
4-byte integer version

Starting auxspar
Number of no zeros symmetric = 64,844
Sparse preprocessing complete
Reading binary file: results/20177_c0fef859_0_thermal_00001.bin

Record:            1, time:   1.000000000000000E-002
Record:            2, time:    1607.62063258583     
 inc =        1 time =  0.10000000E-01 iter =   1 eps =  0.16750E+04
 inc =        1 time =  0.10000000E-01 iter =   2 eps =  0.31020E-10
Finished writing file results\20177_c0fef859_0_mechanical.case
Increment end 
CPU wall for increment 1 = 00:00:11.98, since start = 00:00:11.98
 inc =        2 time =   1607.6206     iter =   1 eps =  0.80903E+04
 inc =        2 time =   1607.6206     iter =   2 eps =  0.65697E-10
-------------------------------
 Recoater clearance =        90.%
 Top z deformed coord:   3.20386    Recoater coord:   3.24000
-------------------------------
Finished writing file results\20177_c0fef859_0_mechanical.case
Increment end 
CPU wall for increment 2 = 00:00:00.10, since start = 00:00:12.09
Layer end
Total RAM = 66,790,124 kB
Total RAM used            = 15,742,996 kB, 23.57 %
RAM used for this process = 72,180 kB,  0.11 %

Available disk space      = 456.356	GB


Starting refine
Solving layer 2 of 7
Number of refined nodes        = 1895
Number of refined elements     = 915
Adding dwell (processing) time :    9.23579280469372     
Meshed cross sectional xy area =    9.23579280469372     
Number of equations            = 4337
Number of constrained eqns     = 1254
Direct sparse solver           =       PARDISO
4-byte integer version

Starting auxspar
Number of no zeros symmetric = 118,169
Sparse preprocessing complete
Reading binary file: results/20177_c0fef859_0_thermal_00002.bin

Record:            1, time:    1607.72063258583     
Record:            2, time:    3216.85642539052     
 inc =        3 time =   1607.7206     iter =   1 eps =  0.17379E+04
 inc =        3 time =   1607.7206     iter =   2 eps =  0.16224E-10
Finished writing file results\20177_c0fef859_0_mechanical.case
Increment end 
CPU wall for increment 3 = 00:00:00.26, since start = 00:00:12.36
 inc =        4 time =   3216.8564     iter =   1 eps =  0.87482E+04
 inc =        4 time =   3216.8564     iter =   2 eps =  0.96537E-10
-------------------------------
 Recoater clearance =        89.%
 Top z deformed coord:   6.40432    Recoater coord:   6.44000
-------------------------------
Finished writing file results\20177_c0fef859_0_mechanical.case
Increment end 
CPU wall for increment 4 = 00:00:00.34, since start = 00:00:12.70
Layer end
Total RAM = 66,790,124 kB
Total RAM used            = 15,759,108 kB, 23.59 %
RAM used for this process = 87,120 kB,  0.13 %

Available disk space      = 456.355	GB


Starting refine
Solving layer 3 of 7
Number of refined nodes        = 2713
Number of refined elements     = 1323
Adding dwell (processing) time :    9.53659667167410     
Meshed cross sectional xy area =    9.53659667167410     
Number of equations            = 6497
Number of constrained eqns     = 1548
Direct sparse solver           =       PARDISO
4-byte integer version

Starting auxspar
Number of no zeros symmetric = 177,488
Sparse preprocessing complete
Reading binary file: results/20177_c0fef859_0_thermal_00003.bin

Record:            1, time:    3216.95642539052     
Record:            2, time:    4826.39302206220     
 inc =        5 time =   3216.9564     iter =   1 eps =  0.18689E+04
 inc =        5 time =   3216.9564     iter =   2 eps =  0.27927E-10
Finished writing file results\20177_c0fef859_0_mechanical.case
Increment end 
CPU wall for increment 5 = 00:00:00.17, since start = 00:00:12.88
 inc =        6 time =   4826.3930     iter =   1 eps =  0.87623E+04
 inc =        6 time =   4826.3930     iter =   2 eps =  0.87846E-10
-------------------------------
 Recoater clearance =        94.%
 Top z deformed coord:   9.60250    Recoater coord:   9.64000
-------------------------------
Finished writing file results\20177_c0fef859_0_mechanical.case
Increment end 
CPU wall for increment 6 = 00:00:00.08, since start = 00:00:12.96
Layer end
Total RAM = 66,790,124 kB
Total RAM used            = 15,764,200 kB, 23.60 %
RAM used for this process = 96,384 kB,  0.14 %

Available disk space      = 456.354	GB


Starting refine
Solving layer 4 of 7
Number of refined nodes        = 3423
Number of refined elements     = 1704
Adding dwell (processing) time :    9.23579280469372     
Meshed cross sectional xy area =    9.23579280469372     
Number of equations            = 8333
Number of constrained eqns     = 1842
Direct sparse solver           =       PARDISO
4-byte integer version

Starting auxspar
Number of no zeros symmetric = 230,813
Increasing maxconmap                246941
Sparse preprocessing complete
Reading binary file: results/20177_c0fef859_0_thermal_00004.bin

Record:            1, time:    4826.49302206220     
Record:            2, time:    6435.62881486689     
 inc =        7 time =   4826.4930     iter =   1 eps =  0.18557E+04
 inc =        7 time =   4826.4930     iter =   2 eps =  0.36811E-10
Finished writing file results\20177_c0fef859_0_mechanical.case
Increment end 
CPU wall for increment 7 = 00:00:00.19, since start = 00:00:13.15
 inc =        8 time =   6435.6288     iter =   1 eps =  0.87482E+04
 inc =        8 time =   6435.6288     iter =   2 eps =  0.88398E-10
-------------------------------
 Recoater clearance =        96.%
 Top z deformed coord:   12.8017    Recoater coord:   12.8400
-------------------------------
Finished writing file results\20177_c0fef859_0_mechanical.case
Increment end 
CPU wall for increment 8 = 00:00:00.10, since start = 00:00:13.26
Layer end
Total RAM = 66,790,124 kB
Total RAM used            = 15,787,584 kB, 23.64 %
RAM used for this process = 109,624 kB,  0.16 %

Available disk space      = 456.353	GB


Starting refine
Solving layer 5 of 7
Number of refined nodes        = 3971
Number of refined elements     = 2004
Adding dwell (processing) time :    8.33338120375258     
Meshed cross sectional xy area =    8.33338120375258     
Number of equations            = 9683
Number of constrained eqns     = 2136
Direct sparse solver           =       PARDISO
4-byte integer version

Starting auxspar
Number of no zeros symmetric = 270,773
Increasing maxconmap                289096
Sparse preprocessing complete
Reading binary file: results/20177_c0fef859_0_thermal_00005.bin

Record:            1, time:    6435.72881486689     
Record:            2, time:    8043.96219607064     
 inc =        9 time =   6435.7288     iter =   1 eps =  0.18135E+04
 inc =        9 time =   6435.7288     iter =   2 eps =  0.43278E-10
Finished writing file results\20177_c0fef859_0_mechanical.case
Increment end 
CPU wall for increment 9 = 00:00:00.50, since start = 00:00:13.77
 inc =       10 time =   8043.9622     iter =   1 eps =  0.87269E+04
 inc =       10 time =   8043.9622     iter =   2 eps =  0.10575E-09
-------------------------------
 Recoater clearance =        97.%
 Top z deformed coord:   16.0014    Recoater coord:   16.0400
-------------------------------
Finished writing file results\20177_c0fef859_0_mechanical.case
Increment end 
CPU wall for increment 10 = 00:00:00.28, since start = 00:00:14.05
Layer end
Total RAM = 66,790,124 kB
Total RAM used            = 15,794,092 kB, 23.65 %
RAM used for this process = 118,588 kB,  0.18 %

Available disk space      = 456.352	GB


Starting refine
Solving layer 6 of 7
Number of refined nodes        = 4303
Number of refined elements     = 2196
Adding dwell (processing) time :    7.13016573583107     
Meshed cross sectional xy area =    7.13016573583107     
Number of equations            = 10,385
Number of constrained eqns     = 2430
Direct sparse solver           =       PARDISO
4-byte integer version

Starting auxspar
Number of no zeros symmetric = 292,913
Increasing maxconmap                331729
Sparse preprocessing complete
Reading binary file: results/20177_c0fef859_0_thermal_00006.bin

Record:            1, time:    8044.06219607064     
Record:            2, time:    9651.09236180647     
 inc =       11 time =   8044.0622     iter =   1 eps =  0.17342E+04
 inc =       11 time =   8044.0622     iter =   2 eps =  0.46477E-10
Finished writing file results\20177_c0fef859_0_mechanical.case
Increment end 
CPU wall for increment 11 = 00:00:00.22, since start = 00:00:14.28
 inc =       12 time =   9651.0924     iter =   1 eps =  0.86912E+04
 inc =       12 time =   9651.0924     iter =   2 eps =  0.11758E-09
-------------------------------
 Recoater clearance =        97.%
 Top z deformed coord:   19.2012    Recoater coord:   19.2400
-------------------------------
Finished writing file results\20177_c0fef859_0_mechanical.case
Increment end 
CPU wall for increment 12 = 00:00:00.10, since start = 00:00:14.39
Layer end
Total RAM = 66,790,124 kB
Total RAM used            = 15,795,860 kB, 23.65 %
RAM used for this process = 124,840 kB,  0.19 %

Available disk space      = 456.351	GB


Starting refine
Solving layer 7 of 7
Number of refined nodes        = 4599
Number of refined elements     = 2356
Adding dwell (processing) time :    1.78254143395776     
Meshed cross sectional xy area =    7.13016573583102     
Number of equations            = 10,979
Number of constrained eqns     = 2724
Direct sparse solver           =       PARDISO
4-byte integer version

Starting auxspar
Number of no zeros symmetric = 310,688
Increasing maxconmap                373090
Sparse preprocessing complete
Reading binary file: results/20177_c0fef859_0_thermal_00007.bin

Record:            1, time:    9651.19236180647     
Record:            2, time:    10052.9749032404     
 inc =       13 time =   9651.1924     iter =   1 eps =  0.60778E+03
 inc =       13 time =   9651.1924     iter =   2 eps =  0.48521E-10
Finished writing file results\20177_c0fef859_0_mechanical.case
Increment end 
CPU wall for increment 13 = 00:00:00.33, since start = 00:00:14.73
 inc =       14 time =   10052.975     iter =   1 eps =  0.25559E+04
 inc =       14 time =   10052.975     iter =   2 eps =  0.58807E-10
Finished writing file results\20177_c0fef859_0_mechanical.case
Increment end 
CPU wall for increment 14 = 00:00:00.16, since start = 00:00:14.90
Layer end
 
----------------------
 *COOL time increment 
----------------------
CPU wall for printing = 00:00:03.13
HTOR is being set to zero***
 inc =       15 time =   60052.975     iter =   1 eps =  0.24432E+04
 inc =       15 time =   60052.975     iter =   2 eps =  0.57932E-10
De-banding recoater clearance ...

Finished writing file results\20177_c0fef859_0_mechanical_f.case
Finished writing file results\20177_c0fef859_0_mechanical.case
Increment end 
CPU wall for increment 15 = 00:00:00.46, since start = 00:00:15.36
Layer end
CPU wall for cooldown = 00:00:00.46
 
----------------------------------
 Substrate removal time increment 
----------------------------------
 inc =       16 time =   110052.97     iter =   1 eps =  0.52387E+03
 inc =       16 time =   110052.97     iter =   2 eps =  0.83278E-10

Optimizing rigid body motion...
Initial RMS displacement          =     4.797810E-02
Optimized RMS displacement        =     4.660151E-02
Number of optimization iterations =          258
Rotation matrix =
   1.000000E+000   -1.698267E-004    1.954309E-004
   1.696664E-004    9.999996E-001    8.201211E-004
  -1.955701E-004   -8.200879E-004    9.999996E-001
Translation =    -2.943287E-003   -3.518937E-004   -2.648189E-003

De-banding recoater clearance ...

Finished writing file results\20177_c0fef859_0_mechanical_f.case
Finished writing file results\20177_c0fef859_0_mechanical.case
Increment end 
CPU wall for increment 16 = 00:00:00.16, since start = 00:00:15.53
Layer end

------------------------------------------------------
 Total number of equilibrium iterations:           32

Mesh preview volume  =    169.519690369383     
Activated volume     =    169.519690369383     
Activated percentage =    100.000000000000     

Finished writing file .\20177_c0fef859_0_mechanical_f.case
Finished writing file .\20177_c0fef859_0_mechanical.case

Analysis completed
 
****************************
   2 Warnings
****************************
 
****************************
   1 Critical warning
****************************

CPU wall for substrate removal = 00:00:00.23
CPU wall = 00:00:15.60
Total thermal & mechanical simulation time = 00:00:29.71
Approximate single thread simulation time = 00:00:17.25


Peak RAM used for this process = 133,156 kB

END Autodesk AM Process Simulation LT
