
Autodesk AM Process Simulation v24.0.18
 Build ID    : 24.0.0.120


Loading file: C:\Program Files\Autodesk\Netfabb Ultimate 2024\SIM\Solver\bin\simsolver.arb...
...success

Date: 02/08/2024, time 15:52:14
ANSYS-B10-09


Fusion integration disabled
Checking for LT license...
Network license server(s) = AUTODESK.ANDREW.CMU.EDU


Number of threads =  16
Number of physical cores = 16

Stacksize = 2000m
Analysis control (Input) file: step2_mechanical.in
Working directory: C:\Users\yuhsuan2\SandBox\step2\
NETFABB_SIM_OFC_PATH = restart_cache\step2_mechanical
Parent process = "solverWrapper.exe" (PID: 20008)


Available disk space      = 476.473	GB


PBDL deposition multiplier ON
Multiplier:   1.00000000000000     
Starting init_cipher
Number of stls map=           1
DDM! modeling on

*MNLR set to           1

PBPA modeling on

ADAPTIVE refinement activated
Refinement levels=           5
 
Quasi static Mechanical Analysis

*** WARNING: 1
*STOL is ignored for a single STL


PBPF file: Autodesk_Inc625_generic_40um.prm

Generated by solver version v24.0.9
Created on 2023/1/31
Material name = inc625

power          =    250.000000000000     
diameter       =   0.150000000000000     
velocity       =    800.000000000000     
lr thickness   =   4.000000000000000E-002
hatch          =   0.100000000000000     
dwell/layer    =    20.0000000000000     
Initial angle  =    11.5000000000000     
Rotation angle =    67.0000000000000     
X size         =    5.00000000000000     
Y size         =    1.00000000000000     
Absorption eff =   0.400000000000000     

Conductivity          =
 1.000000E-02  2.500000E+01
 1.250000E-02  2.000000E+02
 1.400000E-02  3.000000E+02
 1.500000E-02  4.000000E+02
 1.600000E-02  5.000000E+02
 1.800000E-02  6.000000E+02
 2.200000E-02  8.000000E+02
 2.400000E-02  9.000000E+02
 2.500000E-02  1.000000E+03
 2.550000E-02  1.200000E+03

Density               =
 8.440000E-06

Specific heat         =
 4.050000E+02  2.500000E+01
 4.600000E+02  2.000000E+02
 4.800000E+02  3.000000E+02
 5.000000E+02  4.000000E+02
 5.250000E+02  5.000000E+02
 5.500000E+02  6.000000E+02
 5.800000E+02  7.000000E+02
 6.000000E+02  8.000000E+02
 6.300000E+02  9.000000E+02
 6.500000E+02  1.000000E+03
 6.800000E+02  1.100000E+03

Elastic modulus       =
 1.500000E+05  2.780000E-01  2.440000E+01
 1.140000E+05  3.050000E-01  5.378000E+02
 5.900000E+04  3.400000E-01  8.156000E+02
 4.200000E+04  3.400000E-01  9.822000E+02
 3.200000E+03  3.400000E-01  1.093300E+03

CTE                   =
 1.280000E-05  2.000000E+01
 1.280000E-05  9.300000E+01
 1.310000E-05  2.040000E+02
 1.330000E-05  3.160000E+02
 1.370000E-05  4.270000E+02
 1.400000E-05  5.380000E+02
 1.480000E-05  6.490000E+02
 1.530000E-05  7.600000E+02
 1.580000E-05  8.710000E+02
 1.620000E-05  9.270000E+02

Reference temperature =
 2.000000E+01

Plasticity            =
 6.040000E+02  0.000000E+00  9.110000E+02  5.000000E-02  2.440000E+01
 5.320000E+02  0.000000E+00  7.640000E+02  3.500000E-02  5.378000E+02
 2.600000E+02  0.000000E+00  2.790000E+02  5.800000E-02  8.156000E+02
 1.050000E+02  0.000000E+00  1.140000E+02  4.500000E-02  9.822000E+02
 5.700000E+01  0.000000E+00  6.200000E+01  3.900000E-02  1.093300E+03

Number of ambient temperatures        =            2
Number of lack of fusion temperatures =            2
Number of hot spot temperatures       =            3

Interlayer temperatures = 
 2.500000E+01
 6.500000E+02

Lack of fusion temperatures = 
 1.270000E+03
 1.350000E+03

Hot spot temperatures = 
 1.850000E+03
 2.000000E+03
 2.250000E+03



PBPA parameters
Number of layers per element:             20
Minimum element size:             0.800000000000000     
*PBLR: group thickness:   3.20000000000000     
*COOL turned on for *STLF analysis
 
STL file start pre-processing

Reading 20163_3742f394_3_tivus.stl
Reading in native format...
Binary STL file
Bounding box:
-9.970658E+00 <= x <=   1.000000E+01
-9.992661E+00 <= y <=   9.992661E+00
 4.336809E-15 <= z <=   8.441637E+00

Number of vertices  = 2826
Number of triangles = 942
Finished reading 20163_3742f394_3_tivus.stl

Minimum edge length =   0.110660453815315     
Machine precision =   2.220446049250313E-016
STL precision for 8-byte integers =   2.166813056267610E-018
Absolute tolerance =   1.998532295227051E-005

Equivalencing vertices
Number of unique vertices = 473
Finished vertex equivalencing

Equivalencing STL edges
Number of unique edges = 1413
Euler characteristic   =            2
Finished edge equivalencing

Calculating surface normals
 
Scaled bounding box:
-9.970658E+00 <= x <=   1.000000E+01
-9.992661E+00 <= y <=   9.992661E+00
 4.336809E-15 <= z <=   8.441637E+00

STL file end pre-processing
 
Number of pb groups of layers :            3
Substrate bounding box:
-9.970658E+00 <= x <=   1.000000E+01
-9.992661E+00 <= y <=   9.992661E+00

Layer, PID,   z coord,    activation time
    1       2    3.2000000        0.0000000    
    2       3    6.4000000        1600.0000    
    3       4    9.6000000        3200.0000    
End time changed to:    53200.0000000000     

Signal tag 4E9D
*** CRITICAL WARNING: 1
Code 1010
STL is too small.  Check units. This warning is triggered when any bounding box dimension of the STL is smaller than the base element size. Possible causes are:
    - The STL file is too small. Make sure that the units for the STL are  correct.
    - A coarse mesh size is used. Try refining the mesh size.


 
Number of nodes              = 16
Number of elements           = 3
Marking elements inside STL envelope. Phase1
Meshing voxels

Preprocessing for slicing

Slicing geometry

STL ID      , Number of polylines
          1,                  1403

Post-processing slices:  phase 1

Preprocessing for meshing

Meshing 32 slices...


Activated 5160 / 32,768 total voxels

STL ID      , Number of voxels
          1,                  5160

STL ID , Meshed volume, STL volume , Meshed %
      1,  1.6090E+03  ,  1.6023E+03,   100.4


Starting initrefine

Peak RAM used for this process = 28,432 kB

Checking for unsupported geometry...
---------------------------------------------------------------------
    Z index,        Z coordinate     , # of unsupported fine elements
---------------------------------------------------------------------
          2,    1.20000000000000     ,                      0
          3,    2.00000000000000     ,                      0
          4,    2.80000000000000     ,                      0
          5,    3.60000000000000     ,                      0
          6,    4.40000000000000     ,                      0
          7,    5.20000000000000     ,                      0
          8,    6.00000000000000     ,                      0
          9,    6.80000000000000     ,                      0
         10,    7.60000000000000     ,                      0
         11,    8.40000000000000     ,                      0
         12,    9.20000000000000     ,                      0
         13,    10.0000000000000     ,                      0
         14,    10.8000000000000     ,                      0
         15,    11.6000000000000     ,                      0
         16,    12.4000000000000     ,                      0
         17,    13.2000000000000     ,                      0
         18,    14.0000000000000     ,                      0
         19,    14.8000000000000     ,                      0
         20,    15.6000000000000     ,                      0
         21,    16.4000000000000     ,                      0
         22,    17.2000000000000     ,                      0
         23,    18.0000000000000     ,                      0
         24,    18.8000000000000     ,                      0
         25,    19.6000000000000     ,                      0
         26,    20.4000000000000     ,                      0
         27,    21.2000000000000     ,                      0
         28,    22.0000000000000     ,                      0
         29,    22.8000000000000     ,                      0
         30,    23.6000000000000     ,                      0
         31,    24.4000000000000     ,                      0
         32,    25.2000000000000     ,                      0
---------------------------------------------------------------------

Estimated required memory for meshing =   4.32E-02 GB
Available memory                      =   5.23E+01 GB
Effective available memory            =   5.24E+01 GB


Analysis completed
Fast costing mode completed
 
****************************
   1 Warning
****************************
 
****************************
   1 Critical warning
****************************

CPU wall = 00:00:02.62
Total thermal & mechanical simulation time = 00:00:05.52
Approximate single thread simulation time = 00:00:00.62


Peak RAM used for this process = 28,728 kB

END Autodesk AM Process Simulation LT

Autodesk AM Process Simulation v24.0.18
 Build ID    : 24.0.0.120


Loading file: C:\Program Files\Autodesk\Netfabb Ultimate 2024\SIM\Solver\bin\simsolver.arb...
...success

Date: 02/08/2024, time 15:52:30
ANSYS-B10-09


Fusion integration disabled
Checking for LT license...
Network license server(s) = AUTODESK.ANDREW.CMU.EDU


Number of threads =  16
Number of physical cores = 16

Stacksize = 2000m
Analysis control (Input) file: step2_mechanical.in
Working directory: C:\Users\yuhsuan2\SandBox\step2\
NETFABB_SIM_OFC_PATH = restart_cache\step2_mechanical
Parent process = "solverWrapper.exe" (PID: 580)


Available disk space      = 476.471	GB


PBDL deposition multiplier ON
Multiplier:   1.00000000000000     
Starting init_cipher
Number of stls map=           1
DDM! modeling on

*MNLR set to           1

PBPA modeling on

ADAPTIVE refinement activated
Refinement levels=           5
 
Quasi static Mechanical Analysis

*** WARNING: 1
*STOL is ignored for a single STL


PBPF file: Autodesk_Inc625_generic_40um.prm

Generated by solver version v24.0.9
Created on 2023/1/31
Material name = inc625

power          =    250.000000000000     
diameter       =   0.150000000000000     
velocity       =    800.000000000000     
lr thickness   =   4.000000000000000E-002
hatch          =   0.100000000000000     
dwell/layer    =    20.0000000000000     
Initial angle  =    11.5000000000000     
Rotation angle =    67.0000000000000     
X size         =    5.00000000000000     
Y size         =    1.00000000000000     
Absorption eff =   0.400000000000000     

Conductivity          =
 1.000000E-02  2.500000E+01
 1.250000E-02  2.000000E+02
 1.400000E-02  3.000000E+02
 1.500000E-02  4.000000E+02
 1.600000E-02  5.000000E+02
 1.800000E-02  6.000000E+02
 2.200000E-02  8.000000E+02
 2.400000E-02  9.000000E+02
 2.500000E-02  1.000000E+03
 2.550000E-02  1.200000E+03

Density               =
 8.440000E-06

Specific heat         =
 4.050000E+02  2.500000E+01
 4.600000E+02  2.000000E+02
 4.800000E+02  3.000000E+02
 5.000000E+02  4.000000E+02
 5.250000E+02  5.000000E+02
 5.500000E+02  6.000000E+02
 5.800000E+02  7.000000E+02
 6.000000E+02  8.000000E+02
 6.300000E+02  9.000000E+02
 6.500000E+02  1.000000E+03
 6.800000E+02  1.100000E+03

Elastic modulus       =
 1.500000E+05  2.780000E-01  2.440000E+01
 1.140000E+05  3.050000E-01  5.378000E+02
 5.900000E+04  3.400000E-01  8.156000E+02
 4.200000E+04  3.400000E-01  9.822000E+02
 3.200000E+03  3.400000E-01  1.093300E+03

CTE                   =
 1.280000E-05  2.000000E+01
 1.280000E-05  9.300000E+01
 1.310000E-05  2.040000E+02
 1.330000E-05  3.160000E+02
 1.370000E-05  4.270000E+02
 1.400000E-05  5.380000E+02
 1.480000E-05  6.490000E+02
 1.530000E-05  7.600000E+02
 1.580000E-05  8.710000E+02
 1.620000E-05  9.270000E+02

Reference temperature =
 2.000000E+01

Plasticity            =
 6.040000E+02  0.000000E+00  9.110000E+02  5.000000E-02  2.440000E+01
 5.320000E+02  0.000000E+00  7.640000E+02  3.500000E-02  5.378000E+02
 2.600000E+02  0.000000E+00  2.790000E+02  5.800000E-02  8.156000E+02
 1.050000E+02  0.000000E+00  1.140000E+02  4.500000E-02  9.822000E+02
 5.700000E+01  0.000000E+00  6.200000E+01  3.900000E-02  1.093300E+03

Number of ambient temperatures        =            2
Number of lack of fusion temperatures =            2
Number of hot spot temperatures       =            3

Interlayer temperatures = 
 2.500000E+01
 6.500000E+02

Lack of fusion temperatures = 
 1.270000E+03
 1.350000E+03

Hot spot temperatures = 
 1.850000E+03
 2.000000E+03
 2.250000E+03



PBPA parameters
Number of layers per element:             20
Minimum element size:             0.800000000000000     
*PBLR: group thickness:   3.20000000000000     
*COOL turned on for *STLF analysis
 
STL file start pre-processing

Reading 20163_3742f394_3_tivus.stl
Reading in native format...
Binary STL file
Bounding box:
-9.970658E+00 <= x <=   1.000000E+01
-9.992661E+00 <= y <=   9.992661E+00
 4.336809E-15 <= z <=   8.441637E+00

Number of vertices  = 2826
Number of triangles = 942
Finished reading 20163_3742f394_3_tivus.stl

Minimum edge length =   0.110660453815315     
Machine precision =   2.220446049250313E-016
STL precision for 8-byte integers =   2.166813056267610E-018
Absolute tolerance =   1.998532295227051E-005

Equivalencing vertices
Number of unique vertices = 473
Finished vertex equivalencing

Equivalencing STL edges
Number of unique edges = 1413
Euler characteristic   =            2
Finished edge equivalencing

Calculating surface normals
 
Scaled bounding box:
-9.970658E+00 <= x <=   1.000000E+01
-9.992661E+00 <= y <=   9.992661E+00
 4.336809E-15 <= z <=   8.441637E+00

STL file end pre-processing
 
Number of pb groups of layers :            3
Substrate bounding box:
-9.970658E+00 <= x <=   1.000000E+01
-9.992661E+00 <= y <=   9.992661E+00

Layer, PID,   z coord,    activation time
    1       2    3.2000000        0.0000000    
    2       3    6.4000000        1600.0000    
    3       4    9.6000000        3200.0000    
End time changed to:    53200.0000000000     

Signal tag 5CD6
*** CRITICAL WARNING: 1
Code 1010
STL is too small.  Check units. This warning is triggered when any bounding box dimension of the STL is smaller than the base element size. Possible causes are:
    - The STL file is too small. Make sure that the units for the STL are  correct.
    - A coarse mesh size is used. Try refining the mesh size.


 
Number of nodes              = 16
Number of elements           = 3
Marking elements inside STL envelope. Phase1
Meshing voxels

Preprocessing for slicing

Slicing geometry

STL ID      , Number of polylines
          1,                  1403

Post-processing slices:  phase 1

Preprocessing for meshing

Meshing 32 slices...


Activated 5160 / 32,768 total voxels

STL ID      , Number of voxels
          1,                  5160

STL ID , Meshed volume, STL volume , Meshed %
      1,  1.6090E+03  ,  1.6023E+03,   100.4


Starting initrefine

Peak RAM used for this process = 28,520 kB

Checking for unsupported geometry...
---------------------------------------------------------------------
    Z index,        Z coordinate     , # of unsupported fine elements
---------------------------------------------------------------------
          2,    1.20000000000000     ,                      0
          3,    2.00000000000000     ,                      0
          4,    2.80000000000000     ,                      0
          5,    3.60000000000000     ,                      0
          6,    4.40000000000000     ,                      0
          7,    5.20000000000000     ,                      0
          8,    6.00000000000000     ,                      0
          9,    6.80000000000000     ,                      0
         10,    7.60000000000000     ,                      0
         11,    8.40000000000000     ,                      0
         12,    9.20000000000000     ,                      0
         13,    10.0000000000000     ,                      0
         14,    10.8000000000000     ,                      0
         15,    11.6000000000000     ,                      0
         16,    12.4000000000000     ,                      0
         17,    13.2000000000000     ,                      0
         18,    14.0000000000000     ,                      0
         19,    14.8000000000000     ,                      0
         20,    15.6000000000000     ,                      0
         21,    16.4000000000000     ,                      0
         22,    17.2000000000000     ,                      0
         23,    18.0000000000000     ,                      0
         24,    18.8000000000000     ,                      0
         25,    19.6000000000000     ,                      0
         26,    20.4000000000000     ,                      0
         27,    21.2000000000000     ,                      0
         28,    22.0000000000000     ,                      0
         29,    22.8000000000000     ,                      0
         30,    23.6000000000000     ,                      0
         31,    24.4000000000000     ,                      0
         32,    25.2000000000000     ,                      0
---------------------------------------------------------------------

Estimated required memory for meshing =   4.32E-02 GB
Available memory                      =   5.23E+01 GB
Effective available memory            =   5.23E+01 GB

  Processing base elements:
         10%
         20%
         30%
Total number of refined nodes    = 70,789
Total number of refined elements = 74,899
Marking elements inside STL envelope. Phase2

Starting refine
Solving layer 0 of 3
Number of refined nodes        = 3769
Number of refined elements     = 1753
Maximum element aspect ratio   = 1.599

Writing final mesh to .\step2_mechanical_mesh_geom.case
Available disk space      = 476.461	GB

Number of layer-nodes = 11,307

Peak RAM used for this process = 46,520 kB


Estimated memory required for thermal    model =   3.12E-01 GB
  3.27E-01 GB with no *OFC cards
  3.12E-01 GB with *OFC2 and *OFC3

Estimated memory required for mechanical model =   3.58E-01 GB
  3.91E-01 GB with no *OFC cards
  3.58E-01 GB with *OFC2 and *OFC3

Available memory           =   5.23E+01 GB
Effective available memory =   5.23E+01 GB

Estimated total CPU time is roughly 00:00:10.00 to 01:27:29.90
Actual total CPU times will vary depending on the
number of CPU cores.

Checking drive...

*** WARNING: 2
BitLocker encryption status cannot be determined without administrative priveleges.  Ensure that you are not running on an encrypted drive for optimal performance, or re-run as an administrator to enable the check.

Number of equations            = 5958
Number of constrained eqns     = 5217
Direct sparse solver           =       PARDISO
4-byte integer version

Starting proc

Reading binary file: step2_thermal.bin

Record:            1, time:   0.000000000000000E+000


Starting refine
Solving layer 1 of 3
Number of refined nodes        = 1836
Number of refined elements     = 865
Adding dwell (processing) time :    290.765196858226     
Meshed cross sectional xy area =    290.765196858226     
Number of equations            = 2715
Number of constrained eqns     = 2661
Direct sparse solver           =       PARDISO
4-byte integer version

Starting auxspar
Number of no zeros symmetric = 81,378
Sparse preprocessing complete
Reading binary file: results/step2_thermal_00001.bin

Record:            1, time:   1.000000000000000E-002
Record:            2, time:    1890.66519685823     
 inc =        1 time =  0.10000000E-01 iter =   1 eps =  0.30876E+05
 inc =        1 time =  0.10000000E-01 iter =   2 eps =  0.73006E-09
Finished writing file results\step2_mechanical.case
Increment end 
CPU wall for increment 1 = 00:00:09.51, since start = 00:00:09.51
 inc =        2 time =   1890.6652     iter =   1 eps =  0.64050E+05
 inc =        2 time =   1890.6652     iter =   2 eps =  0.18852E-09
-------------------------------

*** WARNING: 3
 Recoater clearance =        70.%
 Top z deformed coord:   3.21211    Recoater coord:   3.24000
-------------------------------
Finished writing file results\step2_mechanical.case
Increment end 
CPU wall for increment 2 = 00:00:00.08, since start = 00:00:09.60
Layer end
Total RAM = 66,790,124 kB
Total RAM used            = 11,985,216 kB, 17.94 %
RAM used for this process = 83,824 kB,  0.13 %

Available disk space      = 476.46	GB


Starting refine
Solving layer 2 of 3
Number of refined nodes        = 3261
Number of refined elements     = 1517
Adding dwell (processing) time :    180.851275257667     
Meshed cross sectional xy area =    180.851275257667     
Number of equations            = 5010
Number of constrained eqns     = 4641
Direct sparse solver           =       PARDISO
4-byte integer version

Starting auxspar
Number of no zeros symmetric = 148,923
Sparse preprocessing complete
Reading binary file: results/step2_thermal_00002.bin

Record:            1, time:    1890.76519685823     
Record:            2, time:    3671.51647211589     
 inc =        3 time =   1890.7652     iter =   1 eps =  0.27643E+05
 inc =        3 time =   1890.7652     iter =   2 eps =  0.19210E-09
Finished writing file results\step2_mechanical.case
Increment end 
CPU wall for increment 3 = 00:00:00.19, since start = 00:00:09.79
 inc =        4 time =   3671.5165     iter =   1 eps =  0.43259E+05
 inc =        4 time =   3671.5165     iter =   2 eps =  0.12985E-09
-------------------------------
 Recoater clearance =       104.%
 Top z deformed coord:   6.39842    Recoater coord:   6.44000
-------------------------------
Finished writing file results\step2_mechanical.case
Increment end 
CPU wall for increment 4 = 00:00:00.08, since start = 00:00:09.88
Layer end
Total RAM = 66,790,124 kB
Total RAM used            = 12,015,072 kB, 17.99 %
RAM used for this process = 106,124 kB,  0.16 %

Available disk space      = 476.459	GB


Starting refine
Solving layer 3 of 3
Number of refined nodes        = 3769
Number of refined elements     = 1753
Adding dwell (processing) time :    31.1812543547693     
Meshed cross sectional xy area =    41.5750058063591     
Number of equations            = 5958
Number of constrained eqns     = 5217
Direct sparse solver           =       PARDISO
4-byte integer version

Starting auxspar
Number of no zeros symmetric = 175,875
Sparse preprocessing complete
Reading binary file: results/step2_thermal_00003.bin

Record:            1, time:    3671.61647211589     
Record:            2, time:    4902.79772647066     
 inc =        5 time =   3671.6165     iter =   1 eps =  0.12525E+05
 inc =        5 time =   3671.6165     iter =   2 eps =  0.40160E-09
Finished writing file results\step2_mechanical.case
Increment end 
CPU wall for increment 5 = 00:00:00.19, since start = 00:00:10.08
 inc =        6 time =   4902.7977     iter =   1 eps =  0.11896E+05
 inc =        6 time =   4902.7977     iter =   2 eps =  0.39577E-10
Finished writing file results\step2_mechanical.case
Increment end 
CPU wall for increment 6 = 00:00:00.08, since start = 00:00:10.17
Layer end
 
----------------------
 *COOL time increment 
----------------------
CPU wall for printing = 00:00:00.89
HTOR is being set to zero***
 inc =        7 time =   54902.798     iter =   1 eps =  0.69808E+04
 inc =        7 time =   54902.798     iter =   2 eps =  0.39241E-09
De-banding recoater clearance ...

Finished writing file results\step2_mechanical_f.case
Finished writing file results\step2_mechanical.case
Increment end 
CPU wall for increment 7 = 00:00:00.12, since start = 00:00:10.29
Layer end
CPU wall for cooldown = 00:00:00.12
 
----------------------------------
 Substrate removal time increment 
----------------------------------
 inc =        8 time =   104902.80     iter =   1 eps =  0.19574E+05
 inc =        8 time =   104902.80     iter =   2 eps =  0.87883E-10

Optimizing rigid body motion...
Initial RMS displacement          =     7.850429E-02
Optimized RMS displacement        =     7.167099E-02
Number of optimization iterations =          233
Rotation matrix =
   1.000000E+000   -4.909013E-007    2.855125E-005
   4.907142E-007    1.000000E+000    6.555349E-006
  -2.855125E-005   -6.555335E-006    1.000000E+000
Translation =    -1.520792E-004   -2.626517E-005    3.203069E-002

De-banding recoater clearance ...

Finished writing file results\step2_mechanical_f.case
Finished writing file results\step2_mechanical.case
Increment end 
CPU wall for increment 8 = 00:00:00.14, since start = 00:00:10.43
Layer end

------------------------------------------------------
 Total number of equilibrium iterations:           16

Mesh preview volume  =    1608.95272470611     
Activated volume     =    1608.95272470611     
Activated percentage =    100.000000000000     


Signal tag 789D
*** CRITICAL WARNING: 2
Code 1041
Recoater interference detected at one layer group. Minimum clearance of 69.719 percent at height 3.200 mm.

Finished writing file .\step2_mechanical_f.case
Finished writing file .\step2_mechanical.case

Analysis completed
 
****************************
   3 Warnings
****************************
 
****************************
   2 Critical warnings
****************************

CPU wall for substrate removal = 00:00:00.20
CPU wall = 00:00:10.49
Total thermal & mechanical simulation time = 00:00:20.47
Approximate single thread simulation time = 00:00:12.67


Peak RAM used for this process = 116,332 kB

END Autodesk AM Process Simulation LT
